app/build/outputs/logs/manifest-merger-debug-report.txt
-- Merging decision tree log ---
manifest
ADDED from src/main/AndroidManifest.xml:2:1-80:12
	package
		ADDED from src/main/AndroidManifest.xml:3:5-37
		INJECTED from src/main/AndroidManifest.xml
		INJECTED from src/main/AndroidManifest.xml
	android:versionName
		ADDED from src/main/AndroidManifest.xml:5:5-30
		INJECTED from src/main/AndroidManifest.xml
		INJECTED from src/main/AndroidManifest.xml
	android:versionCode
		ADDED from src/main/AndroidManifest.xml:4:5-28
		INJECTED from src/main/AndroidManifest.xml
		INJECTED from src/main/AndroidManifest.xml
	xmlns:android
		ADDED from src/main/AndroidManifest.xml:2:11-69
uses-sdk
ADDED from src/main/AndroidManifest.xml:7:5-9:41
	android:targetSdkVersion
		ADDED from src/main/AndroidManifest.xml:9:9-38
		INJECTED from src/main/AndroidManifest.xml
		INJECTED from src/main/AndroidManifest.xml
	android:minSdkVersion
		ADDED from src/main/AndroidManifest.xml:8:9-35
		INJECTED from src/main/AndroidManifest.xml
		INJECTED from src/main/AndroidManifest.xml
uses-permission#android.permission.ACCESS_COARSE_LOCATION
ADDED from src/main/AndroidManifest.xml:11:5-81
	android:name
		ADDED from src/main/AndroidManifest.xml:11:22-78
uses-permission#android.permission.ACCESS_DOWNLOAD_MANAGER
ADDED from src/main/AndroidManifest.xml:12:5-82
	android:name
		ADDED from src/main/AndroidManifest.xml:12:22-79
uses-permission#android.permission.ACCESS_FINE_LOCATION
ADDED from src/main/AndroidManifest.xml:13:5-79
	android:name
		ADDED from src/main/AndroidManifest.xml:13:22-76
uses-permission#android.permission.ACCESS_NETWORK_STATE
ADDED from src/main/AndroidManifest.xml:14:5-79
	android:name
		ADDED from src/main/AndroidManifest.xml:14:22-76
uses-permission#android.permission.ACCESS_WIFI_STATE
ADDED from src/main/AndroidManifest.xml:15:5-76
	android:name
		ADDED from src/main/AndroidManifest.xml:15:22-73
uses-permission#android.permission.INTERNET
ADDED from src/main/AndroidManifest.xml:16:5-67
	android:name
		ADDED from src/main/AndroidManifest.xml:16:22-64
uses-permission#android.permission.MOUNT_UNMOUNT_FILESYSTEMS
ADDED from src/main/AndroidManifest.xml:17:5-84
	android:name
		ADDED from src/main/AndroidManifest.xml:17:22-81
uses-permission#android.permission.READ_EXTERNAL_STORAGE
ADDED from src/main/AndroidManifest.xml:18:5-79
	android:name
		ADDED from src/main/AndroidManifest.xml:18:22-77
uses-permission#android.permission.VIBRATE
ADDED from src/main/AndroidManifest.xml:19:5-66
	android:name
		ADDED from src/main/AndroidManifest.xml:19:22-63
uses-permission#android.permission.WRITE_EXTERNAL_STORAGE
ADDED from src/main/AndroidManifest.xml:20:5-81
	android:name
		ADDED from src/main/AndroidManifest.xml:20:22-78
application
ADDED from src/main/AndroidManifest.xml:22:5-78:19
	android:label
		ADDED from src/main/AndroidManifest.xml:25:9-41
	android:hardwareAccelerated
		ADDED from src/main/AndroidManifest.xml:27:9-43
	android:allowBackup
		ADDED from src/main/AndroidManifest.xml:23:9-35
	android:icon
		ADDED from src/main/AndroidManifest.xml:24:9-45
	android:theme
		ADDED from src/main/AndroidManifest.xml:26:9-40
activity#org.webkit.minibrowser.MainActivity
ADDED from src/main/AndroidManifest.xml:28:9-36:20
	android:label
		ADDED from src/main/AndroidManifest.xml:30:13-45
	android:name
		ADDED from src/main/AndroidManifest.xml:29:13-41
intent-filter#android.intent.action.MAIN+android.intent.category.LAUNCHER
ADDED from src/main/AndroidManifest.xml:31:13-35:29
action#android.intent.action.MAIN
ADDED from src/main/AndroidManifest.xml:32:17-69
	android:name
		ADDED from src/main/AndroidManifest.xml:32:25-66
category#android.intent.category.LAUNCHER
ADDED from src/main/AndroidManifest.xml:34:17-77
	android:name
		ADDED from src/main/AndroidManifest.xml:34:27-74
service#org.webkit.launcher.WebKitWebProcess1
ADDED from src/main/AndroidManifest.xml:38:9-42:19
	android:process
		ADDED from src/main/AndroidManifest.xml:40:13-36
	android:stopWithTask
		ADDED from src/main/AndroidManifest.xml:41:13-40
	android:name
		ADDED from src/main/AndroidManifest.xml:39:13-65
service#org.webkit.launcher.WebKitWebProcess2
ADDED from src/main/AndroidManifest.xml:43:9-47:19
	android:process
		ADDED from src/main/AndroidManifest.xml:45:13-36
	android:stopWithTask
		ADDED from src/main/AndroidManifest.xml:46:13-40
	android:name
		ADDED from src/main/AndroidManifest.xml:44:13-65
service#org.webkit.launcher.WebKitWebProcess3
ADDED from src/main/AndroidManifest.xml:48:9-52:19
	android:process
		ADDED from src/main/AndroidManifest.xml:50:13-36
	android:stopWithTask
		ADDED from src/main/AndroidManifest.xml:51:13-40
	android:name
		ADDED from src/main/AndroidManifest.xml:49:13-65
service#org.webkit.launcher.WebKitWebProcess4
ADDED from src/main/AndroidManifest.xml:53:9-57:19
	android:process
		ADDED from src/main/AndroidManifest.xml:55:13-36
	android:stopWithTask
		ADDED from src/main/AndroidManifest.xml:56:13-40
	android:name
		ADDED from src/main/AndroidManifest.xml:54:13-65
service#org.webkit.launcher.WebKitWebProcess5
ADDED from src/main/AndroidManifest.xml:58:9-62:19
	android:process
		ADDED from src/main/AndroidManifest.xml:60:13-36
	android:stopWithTask
		ADDED from src/main/AndroidManifest.xml:61:13-40
	android:name
		ADDED from src/main/AndroidManifest.xml:59:13-65
service#org.webkit.launcher.WebKitWebProcess6
ADDED from src/main/AndroidManifest.xml:63:9-67:19
	android:process
		ADDED from src/main/AndroidManifest.xml:65:13-36
	android:stopWithTask
		ADDED from src/main/AndroidManifest.xml:66:13-40
	android:name
		ADDED from src/main/AndroidManifest.xml:64:13-65
service#org.webkit.launcher.WebKitWebProcess7
ADDED from src/main/AndroidManifest.xml:68:9-72:19
	android:process
		ADDED from src/main/AndroidManifest.xml:70:13-36
	android:stopWithTask
		ADDED from src/main/AndroidManifest.xml:71:13-40
	android:name
		ADDED from src/main/AndroidManifest.xml:69:13-65
service#org.webkit.launcher.WebKitWebProcess8
ADDED from src/main/AndroidManifest.xml:73:9-77:19
	android:process
		ADDED from src/main/AndroidManifest.xml:75:13-36
	android:stopWithTask
		ADDED from src/main/AndroidManifest.xml:76:13-40
	android:name
		ADDED from src/main/AndroidManifest.xml:74:13-65